#
# A fatal error has been detected by the Java Runtime Environment:
#
#  EXCEPTION_ACCESS_VIOLATION (0xc0000005) at pc=0x0be434fb, pid=28748, tid=30680
#
# JRE version: 7.0_25-b17
# Java VM: Java HotSpot(TM) Client VM (23.25-b01 mixed mode, sharing windows-x86 )
# Problematic frame:
# C  [rxtxSerial.dll+0x34fb]
#
# Failed to write core dump. Minidumps are not enabled by default on client versions of Windows
#
# If you would like to submit a bug report, please visit:
#   http://bugreport.sun.com/bugreport/crash.jsp
# The crash happened outside the Java Virtual Machine in native code.
# See problematic frame for where to report the bug.
#

---------------  T H R E A D  ---------------

Current thread (0x04f09800):  JavaThread "Thread-9" [_thread_in_native, id=30680, stack(0x05710000,0x05760000)]

siginfo: ExceptionCode=0xc0000005, reading address 0x20726f78

Registers:
EAX=0x20726f20, EBX=0x371ee540, ECX=0x00000000, EDX=0x20726f20
ESP=0x0575f6a0, EBP=0x0575f7d8, ESI=0x371ee538, EDI=0x04f09800
EIP=0x0be434fb, EFLAGS=0x00010202

Top of Stack: (sp=0x0575f6a0)
0x0575f6a0:   270de980 5809c6b7 04f09800 270de980
0x0575f6b0:   0000003f 0575f6cc 58034955 00000012
0x0575f6c0:   0575f77c 0000008a 371f3a40 0575f6e4
0x0575f6d0:   5814d21a 371ebb58 0000008a 00000009
0x0575f6e0:   012263d0 0575f728 580b6c09 012263d4
0x0575f6f0:   00000009 0575f77c 371f3a48 3c614048
0x0575f700:   012263d0 012263cc 00000009 0000001d
0x0575f710:   371f3a40 0000001d 0575f74c 58033d83 

Instructions: (pc=0x0be434fb)
0x0be434db:   00 00 00 c7 45 fc ff ff ff ff eb 0e 90 e9 1b ff
0x0be434eb:   ff ff 8d 76 00 eb 02 89 f6 90 8b 45 f8 8b 55 f8
0x0be434fb:   8b 4a 58 83 c9 04 89 48 58 83 c4 f8 8b 45 f8 8b
0x0be4350b:   50 58 52 8b 45 f8 8b 50 60 52 e8 36 93 00 00 83 


Register to memory mapping:

EAX=0x20726f20 is an unknown value
EBX=0x371ee540 is an oop
{method} 
 - klass: {other class}
ECX=0x00000000 is an unknown value
EDX=0x20726f20 is an unknown value
ESP=0x0575f6a0 is pointing into the stack for thread: 0x04f09800
EBP=0x0575f7d8 is pointing into the stack for thread: 0x04f09800
ESI=0x371ee538 is an oop
{constMethod} 
 - klass: {other class}
 - method:       0x371ee540 {method} 'writeByte' '(IZ)V' in 'gnu/io/RXTXPort'
 - exceptions:   0x3b010048
EDI=0x04f09800 is a thread


Stack: [0x05710000,0x05760000],  sp=0x0575f6a0,  free space=317k
Native frames: (J=compiled Java code, j=interpreted, Vv=VM code, C=native code)
C  [rxtxSerial.dll+0x34fb]

Java frames: (J=compiled Java code, j=interpreted, Vv=VM code)
j  gnu.io.RXTXPort.writeByte(IZ)V+0
j  gnu.io.RXTXPort$SerialOutputStream.write(I)V+86
j  com.bentley.dt.JaviTermMain$SerialWriterCMD.run()V+38
j  java.lang.Thread.run()V+11
v  ~StubRoutines::call_stub

---------------  P R O C E S S  ---------------

Java Threads: ( => current thread )
=>0x04f09800 JavaThread "Thread-9" [_thread_in_native, id=30680, stack(0x05710000,0x05760000)]
  0x04f07c00 JavaThread "Thread-5" [_thread_in_native, id=29396, stack(0x053a0000,0x053f0000)]
  0x04e8cc00 JavaThread "TimerQueue" daemon [_thread_blocked, id=29824, stack(0x0c420000,0x0c470000)]
  0x04e69400 JavaThread "D3D Screen Updater" daemon [_thread_in_native, id=28504, stack(0x09850000,0x098a0000)]
  0x0112bc00 JavaThread "DestroyJavaVM" [_thread_blocked, id=12352, stack(0x00fd0000,0x01020000)]
  0x04db5000 JavaThread "AWT-EventQueue-0" [_thread_blocked, id=29960, stack(0x050e0000,0x05130000)]
  0x04d4f400 JavaThread "AWT-Windows" daemon [_thread_in_native, id=29408, stack(0x05130000,0x05180000)]
  0x04d4ec00 JavaThread "AWT-Shutdown" [_thread_blocked, id=29388, stack(0x05030000,0x05080000)]
  0x04d4c400 JavaThread "Java2D Disposer" daemon [_thread_blocked, id=24484, stack(0x04f80000,0x04fd0000)]
  0x01220000 JavaThread "Service Thread" daemon [_thread_blocked, id=26364, stack(0x04cc0000,0x04d10000)]
  0x0121ac00 JavaThread "C1 CompilerThread0" daemon [_thread_blocked, id=25672, stack(0x04b30000,0x04b80000)]
  0x01219800 JavaThread "Attach Listener" daemon [_thread_blocked, id=26244, stack(0x048a0000,0x048f0000)]
  0x01216800 JavaThread "Signal Dispatcher" daemon [_thread_blocked, id=22364, stack(0x049e0000,0x04a30000)]
  0x01201800 JavaThread "Finalizer" daemon [_thread_blocked, id=10808, stack(0x04910000,0x04960000)]
  0x011fcc00 JavaThread "Reference Handler" daemon [_thread_blocked, id=29180, stack(0x04800000,0x04850000)]

Other Threads:
  0x011fb400 VMThread [stack: 0x04760000,0x047b0000] [id=27912]
  0x0122e800 WatcherThread [stack: 0x04b90000,0x04be0000] [id=29820]

VM state:not at safepoint (normal execution)

VM Mutex/Monitor currently owned by a thread: None

Heap
 def new generation   total 4992K, used 848K [0x27010000, 0x27570000, 0x2c560000)
  eden space 4480K,  18% used [0x27010000, 0x270e42a8, 0x27470000)
  from space 512K,   0% used [0x27470000, 0x27470000, 0x274f0000)
  to   space 512K,   0% used [0x274f0000, 0x274f0000, 0x27570000)
 tenured generation   total 10944K, used 1518K [0x2c560000, 0x2d010000, 0x37010000)
   the space 10944K,  13% used [0x2c560000, 0x2c6db958, 0x2c6dba00, 0x2d010000)
 compacting perm gen  total 12288K, used 2024K [0x37010000, 0x37c10000, 0x3b010000)
   the space 12288K,  16% used [0x37010000, 0x3720a318, 0x3720a400, 0x37c10000)
    ro space 10240K,  42% used [0x3b010000, 0x3b454240, 0x3b454400, 0x3ba10000)
    rw space 12288K,  54% used [0x3ba10000, 0x3c094d58, 0x3c094e00, 0x3c610000)

Card table byte_map: [0x00b90000,0x00c40000] byte_map_base: 0x00a57f80

Polling page: 0x00170000

Code Cache  [0x02700000, 0x02820000, 0x04700000)
 total_blobs=631 nmethods=387 adapters=178 free_code_cache=31647Kb largest_free_block=32406912

Compilation events (10 events):
Event: 45.233 Thread 0x0121ac00  382             java.awt.MultipleGradientPaintContext::calculateLookupData (318 bytes)
Event: 45.234 Thread 0x0121ac00 nmethod 382 0x028157c8 code [0x02815980, 0x0281606c]
Event: 45.238 Thread 0x0121ac00  383             java.awt.geom.AffineTransform::<init> (69 bytes)
Event: 45.238 Thread 0x0121ac00 nmethod 383 0x02817288 code [0x02817380, 0x02817450]
Event: 45.238 Thread 0x0121ac00  384  s          sun.java2d.d3d.D3DRenderQueue::getInstance (33 bytes)
Event: 45.239 Thread 0x0121ac00 nmethod 384 0x028174c8 code [0x02817610, 0x028179e4]
Event: 45.240 Thread 0x0121ac00  385             sun.awt.SunHints$Key::getIndex (5 bytes)
Event: 45.240 Thread 0x0121ac00 nmethod 385 0x02817c88 code [0x02817d80, 0x02817e00]
Event: 45.240 Thread 0x0121ac00  386             java.awt.RenderingHints$Key::intKey (5 bytes)
Event: 45.241 Thread 0x0121ac00 nmethod 386 0x02817e48 code [0x02817f40, 0x02817fc0]

GC Heap History (4 events):
Event: 3.197 GC heap before
{Heap before GC invocations=0 (full 0):
 def new generation   total 4928K, used 4416K [0x27010000, 0x27560000, 0x2c560000)
  eden space 4416K, 100% used [0x27010000, 0x27460000, 0x27460000)
  from space 512K,   0% used [0x27460000, 0x27460000, 0x274e0000)
  to   space 512K,   0% used [0x274e0000, 0x274e0000, 0x27560000)
 tenured generation   total 10944K, used 0K [0x2c560000, 0x2d010000, 0x37010000)
   the space 10944K,   0% used [0x2c560000, 0x2c560000, 0x2c560200, 0x2d010000)
 compacting perm gen  total 12288K, used 1951K [0x37010000, 0x37c10000, 0x3b010000)
   the space 12288K,  15% used [0x37010000, 0x371f7d80, 0x371f7e00, 0x37c10000)
    ro space 10240K,  42% used [0x3b010000, 0x3b454240, 0x3b454400, 0x3ba10000)
    rw space 12288K,  54% used [0x3ba10000, 0x3c094d58, 0x3c094e00, 0x3c610000)
Event: 3.214 GC heap after
Heap after GC invocations=1 (full 0):
 def new generation   total 4928K, used 512K [0x27010000, 0x27560000, 0x2c560000)
  eden space 4416K,   0% used [0x27010000, 0x27010000, 0x27460000)
  from space 512K, 100% used [0x274e0000, 0x27560000, 0x27560000)
  to   space 512K,   0% used [0x27460000, 0x27460000, 0x274e0000)
 tenured generation   total 10944K, used 946K [0x2c560000, 0x2d010000, 0x37010000)
   the space 10944K,   8% used [0x2c560000, 0x2c64c840, 0x2c64ca00, 0x2d010000)
 compacting perm gen  total 12288K, used 1951K [0x37010000, 0x37c10000, 0x3b010000)
   the space 12288K,  15% used [0x37010000, 0x371f7d80, 0x371f7e00, 0x37c10000)
    ro space 10240K,  42% used [0x3b010000, 0x3b454240, 0x3b454400, 0x3ba10000)
    rw space 12288K,  54% used [0x3ba10000, 0x3c094d58, 0x3c094e00, 0x3c610000)
}
Event: 9.708 GC heap before
{Heap before GC invocations=1 (full 0):
 def new generation   total 4928K, used 2046K [0x27010000, 0x27560000, 0x2c560000)
  eden space 4416K,  34% used [0x27010000, 0x2718fa30, 0x27460000)
  from space 512K, 100% used [0x274e0000, 0x27560000, 0x27560000)
  to   space 512K,   0% used [0x27460000, 0x27460000, 0x274e0000)
 tenured generation   total 10944K, used 946K [0x2c560000, 0x2d010000, 0x37010000)
   the space 10944K,   8% used [0x2c560000, 0x2c64c840, 0x2c64ca00, 0x2d010000)
 compacting perm gen  total 12288K, used 2024K [0x37010000, 0x37c10000, 0x3b010000)
   the space 12288K,  16% used [0x37010000, 0x3720a180, 0x3720a200, 0x37c10000)
    ro space 10240K,  42% used [0x3b010000, 0x3b454240, 0x3b454400, 0x3ba10000)
    rw space 12288K,  54% used [0x3ba10000, 0x3c094d58, 0x3c094e00, 0x3c610000)
Event: 9.752 GC heap after
Heap after GC invocations=2 (full 1):
 def new generation   total 4992K, used 0K [0x27010000, 0x27570000, 0x2c560000)
  eden space 4480K,   0% used [0x27010000, 0x27010000, 0x27470000)
  from space 512K,   0% used [0x27470000, 0x27470000, 0x274f0000)
  to   space 512K,   0% used [0x274f0000, 0x274f0000, 0x27570000)
 tenured generation   total 10944K, used 1518K [0x2c560000, 0x2d010000, 0x37010000)
   the space 10944K,  13% used [0x2c560000, 0x2c6db958, 0x2c6dba00, 0x2d010000)
 compacting perm gen  total 12288K, used 2024K [0x37010000, 0x37c10000, 0x3b010000)
   the space 12288K,  16% used [0x37010000, 0x3720a180, 0x3720a200, 0x37c10000)
    ro space 10240K,  42% used [0x3b010000, 0x3b454240, 0x3b454400, 0x3ba10000)
    rw space 12288K,  54% used [0x3ba10000, 0x3c094d58, 0x3c094e00, 0x3c610000)
}

Deoptimization events (0 events):
No events

Internal exceptions (10 events):
Event: 2.270 Thread 0x04db5000 Threw 0x2739b2a0 at C:\jdk7u2_32P\jdk7u25\hotspot\src\share\vm\prims\jvm.cpp:1235
Event: 2.271 Thread 0x04db5000 Threw 0x273a0bb8 at C:\jdk7u2_32P\jdk7u25\hotspot\src\share\vm\prims\jvm.cpp:1235
Event: 2.271 Thread 0x04db5000 Threw 0x273a2740 at C:\jdk7u2_32P\jdk7u25\hotspot\src\share\vm\prims\jvm.cpp:1235
Event: 2.272 Thread 0x04db5000 Threw 0x273a4230 at C:\jdk7u2_32P\jdk7u25\hotspot\src\share\vm\prims\jvm.cpp:1235
Event: 2.350 Thread 0x04db5000 Threw 0x273f1cc8 at C:\jdk7u2_32P\jdk7u25\hotspot\src\share\vm\prims\jni.cpp:716
Event: 2.749 Thread 0x04db5000 Threw 0x27408ed0 at C:\jdk7u2_32P\jdk7u25\hotspot\src\share\vm\prims\jni.cpp:716
Event: 2.750 Thread 0x04db5000 Threw 0x2741a5f8 at C:\jdk7u2_32P\jdk7u25\hotspot\src\share\vm\prims\jni.cpp:716
Event: 3.132 Thread 0x04db5000 Threw 0x27431150 at C:\jdk7u2_32P\jdk7u25\hotspot\src\share\vm\prims\jni.cpp:716
Event: 5.915 Thread 0x04db5000 Threw 0x27109040 at C:\jdk7u2_32P\jdk7u25\hotspot\src\share\vm\prims\jvm.cpp:1235
Event: 6.916 Thread 0x04db5000 Threw 0x2710ce00 at C:\jdk7u2_32P\jdk7u25\hotspot\src\share\vm\prims\jvm.cpp:1235

Events (10 events):
Event: 44.226 Thread 0x04f08400 Thread added: 0x04f08400
Event: 44.234 Executing VM operation: RevokeBias
Event: 44.234 Executing VM operation: RevokeBias done
Event: 44.234 Thread 0x04f08400 Thread exited: 0x04f08400
Event: 45.226 Thread 0x04f08400 Thread added: 0x04f08400
Event: 45.237 Executing VM operation: RevokeBias
Event: 45.237 Executing VM operation: RevokeBias done
Event: 45.237 Thread 0x04f08400 Thread exited: 0x04f08400
Event: 45.251 Thread 0x04f09000 Thread added: 0x04f09000
Event: 45.256 Thread 0x04f09800 Thread added: 0x04f09800


Dynamic libraries:
0x012d0000 - 0x012ff000 	C:\Program Files (x86)\Java\jre7\bin\javaw.exe
0x77830000 - 0x779b0000 	C:\Windows\SysWOW64\ntdll.dll
0x75d40000 - 0x75e50000 	C:\Windows\syswow64\kernel32.dll
0x76fb0000 - 0x76ff7000 	C:\Windows\syswow64\KERNELBASE.dll
0x75630000 - 0x756d0000 	C:\Windows\syswow64\ADVAPI32.dll
0x77010000 - 0x770bc000 	C:\Windows\syswow64\msvcrt.dll
0x75af0000 - 0x75b09000 	C:\Windows\SysWOW64\sechost.dll
0x76cc0000 - 0x76db0000 	C:\Windows\syswow64\RPCRT4.dll
0x75280000 - 0x752e0000 	C:\Windows\syswow64\SspiCli.dll
0x75270000 - 0x7527c000 	C:\Windows\syswow64\CRYPTBASE.dll
0x754e0000 - 0x755e0000 	C:\Windows\syswow64\USER32.dll
0x76b00000 - 0x76b90000 	C:\Windows\syswow64\GDI32.dll
0x75780000 - 0x7578a000 	C:\Windows\syswow64\LPK.dll
0x75a00000 - 0x75a9d000 	C:\Windows\syswow64\USP10.dll
0x74410000 - 0x745ae000 	C:\Windows\WinSxS\x86_microsoft.windows.common-controls_6595b64144ccf1df_6.0.7601.17514_none_41e6975e2bd6f2b2\COMCTL32.dll
0x770c0000 - 0x77117000 	C:\Windows\syswow64\SHLWAPI.dll
0x759a0000 - 0x75a00000 	C:\Windows\system32\IMM32.DLL
0x752e0000 - 0x753ac000 	C:\Windows\syswow64\MSCTF.dll
0x74f80000 - 0x74fb5000 	C:\Windows\SysWOW64\nvinit.dll
0x0f000000 - 0x0f006000 	C:\Program Files (x86)\NVIDIA Corporation\CoProcManager\_etoured.dll
0x745f0000 - 0x7463c000 	C:\Program Files (x86)\NVIDIA Corporation\CoProcManager\nvd3d9wrap.dll
0x75b10000 - 0x75cad000 	C:\Windows\syswow64\SETUPAPI.dll
0x772e0000 - 0x77307000 	C:\Windows\syswow64\CFGMGR32.dll
0x773a0000 - 0x7742f000 	C:\Windows\syswow64\OLEAUT32.dll
0x75830000 - 0x7598c000 	C:\Windows\syswow64\ole32.dll
0x75aa0000 - 0x75ab2000 	C:\Windows\syswow64\DEVOBJ.dll
0x745b0000 - 0x745e3000 	C:\Program Files (x86)\NVIDIA Corporation\CoProcManager\nvdxgiwrap.dll
0x64bd0000 - 0x64c8e000 	C:\Program Files (x86)\Java\jre7\bin\msvcr100.dll
0x58030000 - 0x58372000 	C:\Program Files (x86)\Java\jre7\bin\client\jvm.dll
0x73280000 - 0x73287000 	C:\Windows\system32\WSOCK32.dll
0x76ab0000 - 0x76ae5000 	C:\Windows\syswow64\WS2_32.dll
0x757a0000 - 0x757a6000 	C:\Windows\syswow64\NSI.dll
0x749b0000 - 0x749e2000 	C:\Windows\system32\WINMM.dll
0x76af0000 - 0x76af5000 	C:\Windows\syswow64\PSAPI.DLL
0x72d30000 - 0x72d3c000 	C:\Program Files (x86)\Java\jre7\bin\verify.dll
0x72a80000 - 0x72aa0000 	C:\Program Files (x86)\Java\jre7\bin\java.dll
0x72a60000 - 0x72a73000 	C:\Program Files (x86)\Java\jre7\bin\zip.dll
0x62610000 - 0x62754000 	C:\Program Files (x86)\Java\jre7\bin\awt.dll
0x72df0000 - 0x72e70000 	C:\Windows\system32\uxtheme.dll
0x72da0000 - 0x72db3000 	C:\Windows\system32\dwmapi.dll
0x75e60000 - 0x76aaa000 	C:\Windows\syswow64\SHELL32.dll
0x699f0000 - 0x69a21000 	C:\Program Files (x86)\Java\jre7\bin\fontmanager.dll
0x71d70000 - 0x71f33000 	C:\Windows\system32\d3d9.dll
0x75020000 - 0x75029000 	C:\Windows\system32\VERSION.dll
0x743f0000 - 0x743f6000 	C:\Windows\system32\d3d8thk.dll
0x71310000 - 0x71400000 	C:\Windows\system32\nvumdshim.dll
0x10000000 - 0x10092000 	C:\Windows\system32\igdumdx32.dll
0x6c0b0000 - 0x6cf1f000 	C:\Windows\system32\nvd3dum.dll
0x06400000 - 0x06981000 	C:\Windows\system32\igdumd32.dll
0x71f40000 - 0x71f65000 	C:\Windows\system32\PowrProf.dll
0x75ac0000 - 0x75aee000 	C:\Windows\syswow64\WINTRUST.dll
0x76ba0000 - 0x76cc0000 	C:\Windows\syswow64\CRYPT32.dll
0x77000000 - 0x7700c000 	C:\Windows\syswow64\MSASN1.dll
0x08950000 - 0x08a5a000 	C:\Program Files (x86)\NVIDIA Corporation\3D Vision\nvSCPAPI.dll
0x614f0000 - 0x61772000 	C:\Windows\system32\nvapi.dll
0x01230000 - 0x01268000 	C:\Program Files\ThinkPad\Bluetooth Software\SysWOW64\BtMmHook.dll
0x72a40000 - 0x72a54000 	C:\Program Files (x86)\Java\jre7\bin\net.dll
0x74200000 - 0x7423c000 	C:\Windows\system32\mswsock.dll
0x748f0000 - 0x748f6000 	C:\Windows\System32\wship6.dll
0x72b10000 - 0x72b1f000 	C:\Program Files (x86)\Java\jre7\bin\nio.dll
0x69130000 - 0x69160000 	C:\Program Files (x86)\Java\jre7\bin\t2k.dll
0x75cb0000 - 0x75d33000 	C:\Windows\syswow64\CLBCatQ.DLL
0x66110000 - 0x66134000 	C:\Program Files (x86)\Java\jre7\bin\dcpr.dll
0x69bf0000 - 0x69d20000 	C:\Windows\system32\WindowsCodecs.dll
0x74d40000 - 0x74d8c000 	C:\Windows\system32\apphelp.dll
0x69ac0000 - 0x69af6000 	C:\Users\rgadipudi\AppData\Local\Microsoft\SkyDrive\17.0.2015.0811\SkyDriveShell.dll
0x706f0000 - 0x70775000 	C:\Users\rgadipudi\AppData\Local\Microsoft\SkyDrive\17.0.2015.0811\MSVCP110.dll
0x6fa80000 - 0x6fb52000 	C:\Users\rgadipudi\AppData\Local\Microsoft\SkyDrive\17.0.2015.0811\MSVCR110.dll
0x6cf20000 - 0x6cfa7000 	C:\Users\rgadipudi\AppData\Local\Microsoft\SkyDrive\17.0.2015.0811\Telemetry.dll
0x74400000 - 0x7440a000 	C:\Users\rgadipudi\AppData\Local\Microsoft\SkyDrive\17.0.2015.0811\logging.dll
0x6cfb0000 - 0x6d002000 	C:\Windows\system32\faultrep.dll
0x74a30000 - 0x74a45000 	C:\Windows\system32\Cabinet.dll
0x74aa0000 - 0x74af8000 	C:\Windows\system32\WINHTTP.dll
0x74a50000 - 0x74a9f000 	C:\Windows\system32\webio.dll
0x731f0000 - 0x7321f000 	C:\Windows\system32\XmlLite.dll
0x77120000 - 0x772d8000 	C:\Windows\syswow64\WININET.dll
0x75990000 - 0x75994000 	C:\Windows\syswow64\api-ms-win-downlevel-user32-l1-1-0.dll
0x75790000 - 0x75795000 	C:\Windows\syswow64\api-ms-win-downlevel-advapi32-l1-1-0.dll
0x75770000 - 0x75774000 	C:\Windows\syswow64\api-ms-win-downlevel-shlwapi-l1-1-0.dll
0x76b90000 - 0x76b94000 	C:\Windows\syswow64\api-ms-win-downlevel-version-l1-1-0.dll
0x75730000 - 0x75733000 	C:\Windows\syswow64\api-ms-win-downlevel-normaliz-l1-1-0.dll
0x77800000 - 0x77803000 	C:\Windows\syswow64\normaliz.DLL
0x76db0000 - 0x76fa8000 	C:\Windows\syswow64\iertutil.dll
0x69420000 - 0x69451000 	C:\Windows\system32\EhStorShell.dll
0x747d0000 - 0x748c5000 	C:\Windows\system32\PROPSYS.dll
0x68d00000 - 0x69106000 	C:\PROGRA~2\MICROS~3\Office14\GROOVEEX.DLL
0x73140000 - 0x731e3000 	C:\Windows\WinSxS\x86_microsoft.vc90.crt_1fc8b3b9a1e18e3b_9.0.30729.6161_none_50934f2ebcb7eb57\MSVCR90.dll
0x730b0000 - 0x7313e000 	C:\Windows\WinSxS\x86_microsoft.vc90.crt_1fc8b3b9a1e18e3b_9.0.30729.6161_none_50934f2ebcb7eb57\MSVCP90.dll
0x694f0000 - 0x6951b000 	C:\Windows\WinSxS\x86_microsoft.vc90.atl_1fc8b3b9a1e18e3b_9.0.30729.6161_none_51cd0a7abbe4e19b\ATL90.DLL
0x642f0000 - 0x6470a000 	C:\PROGRA~2\COMMON~1\MICROS~1\OFFICE14\Cultures\office.odf
0x63a80000 - 0x642e5000 	C:\PROGRA~2\MICROS~3\Office14\1033\GrooveIntlResource.dll
0x6a140000 - 0x6a1b0000 	C:\Windows\system32\ntshrui.dll
0x750e0000 - 0x750f9000 	C:\Windows\system32\srvcli.dll
0x74270000 - 0x7427b000 	C:\Windows\system32\cscapi.dll
0x6a0a0000 - 0x6a0aa000 	C:\Windows\system32\slc.dll
0x0be40000 - 0x0be52000 	C:\Program Files (x86)\Java\jre7\bin\rxtxSerial.dll
0x0c060000 - 0x0c087000 	C:\Windows\system32\crtdll.dll
0x73330000 - 0x7341b000 	C:\Windows\system32\dbghelp.dll

VM Arguments:
jvm_args: -Dfile.encoding=Cp1252 
java_command: com.bentley.dt.MainPage
Launcher Type: SUN_STANDARD

Environment Variables:
PATH=C:/Program Files (x86)/Java/jre7/bin/client;C:/Program Files (x86)/Java/jre7/bin;C:/Program Files (x86)/Java/jre7/lib/i386;C:\Program Files (x86)\PC Connectivity Solution\;C:\Python33\;C:\Program Files (x86)\ActiveState Komodo Edit 8\;C:\Program Files\Common Files\Microsoft Shared\Windows Live;C:\Program Files (x86)\Common Files\Microsoft Shared\Windows Live;C:\Windows\system32;C:\Windows;C:\Windows\System32\Wbem;C:\Windows\System32\WindowsPowerShell\v1.0\;C:\Program Files\Intel\WiFi\bin\;C:\Program Files\Common Files\Intel\WirelessCommon\;C:\Program Files\ThinkPad\Bluetooth Software\;C:\Program Files\ThinkPad\Bluetooth Software\syswow64;C:\Program Files\Broadcom\WHL\;C:\Program Files\Broadcom\WHL\syswow64;C:\Program Files\Broadcom\WHL\SysWow64\;C:\Program Files\Broadcom\WHL\SysWow64\syswow64;C:\Program Files (x86)\Intel\Services\IPT\;C:\Program Files (x86)\Common Files\Ulead Systems\MPEG;C:\Program Files\Common Files\Lenovo;C:\Program Files (x86)\Windows Live\Shared;C:\SWTOOLS\ReadyApps;C:\Program Files (x86)\Symantec\VIP Access Client\;C:\Program Files (x86)\Common Files\Lenovo;C:\HashiCorp\Vagrant\bin;C:\Program Files\Oracle\VirtualBox;C:\Python27;C:\Users\rgadipudi\Desktop\eclipse\eclipse-win32\eclipse;
USERNAME=rgadipudi
OS=Windows_NT
PROCESSOR_IDENTIFIER=Intel64 Family 6 Model 42 Stepping 7, GenuineIntel



---------------  S Y S T E M  ---------------

OS: Windows 7 , 64 bit Build 7601 Service Pack 1

CPU:total 8 (4 cores per cpu, 2 threads per core) family 6 model 42 stepping 7, cmov, cx8, fxsr, mmx, sse, sse2, sse3, ssse3, sse4.1, sse4.2, popcnt, avx, ht, tsc, tscinvbit

Memory: 4k page, physical 4074736k(380516k free), swap 8147612k(2902156k free)

vm_info: Java HotSpot(TM) Client VM (23.25-b01) for windows-x86 JRE (1.7.0_25-b17), built on Jun 21 2013 13:06:48 by "java_re" with unknown MS VC++:1600

time: Tue Aug 27 15:28:11 2013
elapsed time: 45 seconds

