#
# A fatal error has been detected by the Java Runtime Environment:
#
#  EXCEPTION_ACCESS_VIOLATION (0xc0000005) at pc=0x0be134fb, pid=7336, tid=144
#
# JRE version: 7.0_25-b17
# Java VM: Java HotSpot(TM) Client VM (23.25-b01 mixed mode, sharing windows-x86 )
# Problematic frame:
# C  [rxtxSerial.dll+0x34fb]
#
# Failed to write core dump. Minidumps are not enabled by default on client versions of Windows
#
# If you would like to submit a bug report, please visit:
#   http://bugreport.sun.com/bugreport/crash.jsp
# The crash happened outside the Java Virtual Machine in native code.
# See problematic frame for where to report the bug.
#

---------------  T H R E A D  ---------------

Current thread (0x04cfcc00):  JavaThread "Thread-5" [_thread_in_native, id=144, stack(0x0d790000,0x0d7e0000)]

siginfo: ExceptionCode=0xc0000005, reading address 0x20726f78

Registers:
EAX=0x20726f20, EBX=0x371eb9e8, ECX=0x00000000, EDX=0x20726f20
ESP=0x0d7df810, EBP=0x0d7df948, ESI=0x371eb9e0, EDI=0x04cfcc00
EIP=0x0be134fb, EFLAGS=0x00010206

Top of Stack: (sp=0x0d7df810)
0x0d7df810:   27146f78 6048c6b7 04cfcc00 27146f78
0x0d7df820:   0000003f 0d7df83c 60424955 00000012
0x0d7df830:   0d7df8ec 0000008a 371f0ee8 0d7df854
0x0d7df840:   6053d21a 371e9000 0000008a 00000009
0x0d7df850:   010859a8 0d7df898 604a6c09 010859ac
0x0d7df860:   00000009 0d7df8ec 371f0ef0 3c614048
0x0d7df870:   010859a8 010859a4 00000009 0000001d
0x0d7df880:   371f0ee8 0000001d 0d7df8bc 60423d83 

Instructions: (pc=0x0be134fb)
0x0be134db:   00 00 00 c7 45 fc ff ff ff ff eb 0e 90 e9 1b ff
0x0be134eb:   ff ff 8d 76 00 eb 02 89 f6 90 8b 45 f8 8b 55 f8
0x0be134fb:   8b 4a 58 83 c9 04 89 48 58 83 c4 f8 8b 45 f8 8b
0x0be1350b:   50 58 52 8b 45 f8 8b 50 60 52 e8 36 93 00 00 83 


Register to memory mapping:

EAX=0x20726f20 is an unknown value
EBX=0x371eb9e8 is an oop
{method} 
 - klass: {other class}
ECX=0x00000000 is an unknown value
EDX=0x20726f20 is an unknown value
ESP=0x0d7df810 is pointing into the stack for thread: 0x04cfcc00
EBP=0x0d7df948 is pointing into the stack for thread: 0x04cfcc00
ESI=0x371eb9e0 is an oop
{constMethod} 
 - klass: {other class}
 - method:       0x371eb9e8 {method} 'writeByte' '(IZ)V' in 'gnu/io/RXTXPort'
 - exceptions:   0x3b010048
EDI=0x04cfcc00 is a thread


Stack: [0x0d790000,0x0d7e0000],  sp=0x0d7df810,  free space=318k
Native frames: (J=compiled Java code, j=interpreted, Vv=VM code, C=native code)
C  [rxtxSerial.dll+0x34fb]

Java frames: (J=compiled Java code, j=interpreted, Vv=VM code)
j  gnu.io.RXTXPort.writeByte(IZ)V+0
j  gnu.io.RXTXPort$SerialOutputStream.write(I)V+86
j  com.bentley.dt.JaviTermMain$SerialWriterCMD.run()V+56
j  java.lang.Thread.run()V+11
v  ~StubRoutines::call_stub

---------------  P R O C E S S  ---------------

Java Threads: ( => current thread )
=>0x04cfcc00 JavaThread "Thread-5" [_thread_in_native, id=144, stack(0x0d790000,0x0d7e0000)]
  0x04cfc000 JavaThread "Thread-2" [_thread_in_native, id=6076, stack(0x0d500000,0x0d550000)]
  0x04d7f800 JavaThread "TimerQueue" daemon [_thread_blocked, id=5156, stack(0x0c130000,0x0c180000)]
  0x04d5b400 JavaThread "D3D Screen Updater" daemon [_thread_blocked, id=7420, stack(0x0a870000,0x0a8c0000)]
  0x00f1bc00 JavaThread "DestroyJavaVM" [_thread_blocked, id=4216, stack(0x002f0000,0x00340000)]
  0x04ca6800 JavaThread "AWT-EventQueue-0" [_thread_blocked, id=6176, stack(0x05150000,0x051a0000)]
  0x04c41000 JavaThread "AWT-Windows" daemon [_thread_in_native, id=1924, stack(0x051a0000,0x051f0000)]
  0x04c40800 JavaThread "AWT-Shutdown" [_thread_blocked, id=5960, stack(0x05010000,0x05060000)]
  0x04c3e400 JavaThread "Java2D Disposer" daemon [_thread_blocked, id=3468, stack(0x01240000,0x01290000)]
  0x01080000 JavaThread "Service Thread" daemon [_thread_blocked, id=6760, stack(0x04b60000,0x04bb0000)]
  0x0107b000 JavaThread "C1 CompilerThread0" daemon [_thread_blocked, id=6720, stack(0x04900000,0x04950000)]
  0x01079c00 JavaThread "Attach Listener" daemon [_thread_blocked, id=6292, stack(0x04a60000,0x04ab0000)]
  0x01076800 JavaThread "Signal Dispatcher" daemon [_thread_blocked, id=6888, stack(0x012a0000,0x012f0000)]
  0x01061800 JavaThread "Finalizer" daemon [_thread_blocked, id=5200, stack(0x00ec0000,0x00f10000)]
  0x0105cc00 JavaThread "Reference Handler" daemon [_thread_blocked, id=5540, stack(0x01350000,0x013a0000)]

Other Threads:
  0x0105b400 VMThread [stack: 0x011f0000,0x01240000] [id=3636]
  0x0108e800 WatcherThread [stack: 0x04960000,0x049b0000] [id=8088]

VM state:not at safepoint (normal execution)

VM Mutex/Monitor currently owned by a thread: None

Heap
 def new generation   total 4928K, used 1962K [0x27010000, 0x27560000, 0x2c560000)
  eden space 4416K,  32% used [0x27010000, 0x2717a998, 0x27460000)
  from space 512K, 100% used [0x274e0000, 0x27560000, 0x27560000)
  to   space 512K,   0% used [0x27460000, 0x27460000, 0x274e0000)
 tenured generation   total 10944K, used 947K [0x2c560000, 0x2d010000, 0x37010000)
   the space 10944K,   8% used [0x2c560000, 0x2c64cfb8, 0x2c64d000, 0x2d010000)
 compacting perm gen  total 12288K, used 2013K [0x37010000, 0x37c10000, 0x3b010000)
   the space 12288K,  16% used [0x37010000, 0x37207638, 0x37207800, 0x37c10000)
    ro space 10240K,  42% used [0x3b010000, 0x3b454240, 0x3b454400, 0x3ba10000)
    rw space 12288K,  54% used [0x3ba10000, 0x3c094d58, 0x3c094e00, 0x3c610000)

Card table byte_map: [0x01090000,0x01140000] byte_map_base: 0x00f57f80

Polling page: 0x000c0000

Code Cache  [0x02810000, 0x02918000, 0x04810000)
 total_blobs=598 nmethods=355 adapters=178 free_code_cache=31721Kb largest_free_block=32482368

Compilation events (10 events):
Event: 8.093 Thread 0x0107b000  339             java.lang.Math::round (19 bytes)
Event: 8.093 Thread 0x0107b000 nmethod 339 0x02911b48 code [0x02911c70, 0x02911d6c]
Event: 8.094 Thread 0x0107b000  340             java.awt.image.ColorModel::getTransparency (5 bytes)
Event: 8.094 Thread 0x0107b000 nmethod 340 0x02911e08 code [0x02911f00, 0x02911f80]
Event: 8.111 Thread 0x0107b000  341             sun.awt.AWTAutoShutdown::notifyToolkitThreadBusy (8 bytes)
Event: 8.111 Thread 0x0107b000 nmethod 341 0x02911fc8 code [0x029120c0, 0x0291214c]
Event: 8.112 Thread 0x0107b000  342             sun.awt.AWTAutoShutdown::notifyToolkitThreadFree (8 bytes)
Event: 8.112 Thread 0x0107b000 nmethod 342 0x029121c8 code [0x029122c0, 0x0291234c]
Event: 8.116 Thread 0x0107b000  343   !         java.awt.Container::getComponent (42 bytes)
Event: 8.116 Thread 0x0107b000 nmethod 343 0x029123c8 code [0x02912510, 0x029127fc]

GC Heap History (2 events):
Event: 2.510 GC heap before
{Heap before GC invocations=0 (full 0):
 def new generation   total 4928K, used 4416K [0x27010000, 0x27560000, 0x2c560000)
  eden space 4416K, 100% used [0x27010000, 0x27460000, 0x27460000)
  from space 512K,   0% used [0x27460000, 0x27460000, 0x274e0000)
  to   space 512K,   0% used [0x274e0000, 0x274e0000, 0x27560000)
 tenured generation   total 10944K, used 0K [0x2c560000, 0x2d010000, 0x37010000)
   the space 10944K,   0% used [0x2c560000, 0x2c560000, 0x2c560200, 0x2d010000)
 compacting perm gen  total 12288K, used 1940K [0x37010000, 0x37c10000, 0x3b010000)
   the space 12288K,  15% used [0x37010000, 0x371f5228, 0x371f5400, 0x37c10000)
    ro space 10240K,  42% used [0x3b010000, 0x3b454240, 0x3b454400, 0x3ba10000)
    rw space 12288K,  54% used [0x3ba10000, 0x3c094d58, 0x3c094e00, 0x3c610000)
Event: 2.522 GC heap after
Heap after GC invocations=1 (full 0):
 def new generation   total 4928K, used 512K [0x27010000, 0x27560000, 0x2c560000)
  eden space 4416K,   0% used [0x27010000, 0x27010000, 0x27460000)
  from space 512K, 100% used [0x274e0000, 0x27560000, 0x27560000)
  to   space 512K,   0% used [0x27460000, 0x27460000, 0x274e0000)
 tenured generation   total 10944K, used 947K [0x2c560000, 0x2d010000, 0x37010000)
   the space 10944K,   8% used [0x2c560000, 0x2c64cfb8, 0x2c64d000, 0x2d010000)
 compacting perm gen  total 12288K, used 1940K [0x37010000, 0x37c10000, 0x3b010000)
   the space 12288K,  15% used [0x37010000, 0x371f5228, 0x371f5400, 0x37c10000)
    ro space 10240K,  42% used [0x3b010000, 0x3b454240, 0x3b454400, 0x3ba10000)
    rw space 12288K,  54% used [0x3ba10000, 0x3c094d58, 0x3c094e00, 0x3c610000)
}

Deoptimization events (0 events):
No events

Internal exceptions (10 events):
Event: 1.589 Thread 0x04ca6800 Threw 0x27391348 at C:\jdk7u2_32P\jdk7u25\hotspot\src\share\vm\prims\jvm.cpp:1235
Event: 1.590 Thread 0x04ca6800 Threw 0x27396c98 at C:\jdk7u2_32P\jdk7u25\hotspot\src\share\vm\prims\jvm.cpp:1235
Event: 1.590 Thread 0x04ca6800 Threw 0x27398820 at C:\jdk7u2_32P\jdk7u25\hotspot\src\share\vm\prims\jvm.cpp:1235
Event: 1.590 Thread 0x04ca6800 Threw 0x2739a310 at C:\jdk7u2_32P\jdk7u25\hotspot\src\share\vm\prims\jvm.cpp:1235
Event: 1.683 Thread 0x04ca6800 Threw 0x273e7a60 at C:\jdk7u2_32P\jdk7u25\hotspot\src\share\vm\prims\jni.cpp:716
Event: 2.069 Thread 0x04ca6800 Threw 0x273fec68 at C:\jdk7u2_32P\jdk7u25\hotspot\src\share\vm\prims\jni.cpp:716
Event: 2.072 Thread 0x04ca6800 Threw 0x27410390 at C:\jdk7u2_32P\jdk7u25\hotspot\src\share\vm\prims\jni.cpp:716
Event: 2.465 Thread 0x04ca6800 Threw 0x27426ec0 at C:\jdk7u2_32P\jdk7u25\hotspot\src\share\vm\prims\jni.cpp:716
Event: 6.048 Thread 0x04ca6800 Threw 0x27113c48 at C:\jdk7u2_32P\jdk7u25\hotspot\src\share\vm\prims\jvm.cpp:1235
Event: 7.049 Thread 0x04ca6800 Threw 0x27117a08 at C:\jdk7u2_32P\jdk7u25\hotspot\src\share\vm\prims\jvm.cpp:1235

Events (10 events):
Event: 8.060 Thread 0x04cfcc00 Thread exited: 0x04cfcc00
Event: 8.073 loading class 0x04d8f4a8
Event: 8.073 loading class 0x04d8f4a8 done
Event: 8.075 loading class 0x04d7d448
Event: 8.075 loading class 0x04d7d448 done
Event: 8.076 Thread 0x04cfcc00 Thread added: 0x04cfcc00
Event: 8.079 Thread 0x04cfa400 Thread added: 0x04cfa400
Event: 8.091 Executing VM operation: RevokeBias
Event: 8.091 Executing VM operation: RevokeBias done
Event: 8.091 Thread 0x04cfa400 Thread exited: 0x04cfa400


Dynamic libraries:
0x013e0000 - 0x0140f000 	C:\Program Files (x86)\Java\jre7\bin\javaw.exe
0x77060000 - 0x771e0000 	C:\Windows\SysWOW64\ntdll.dll
0x76930000 - 0x76a40000 	C:\Windows\syswow64\kernel32.dll
0x758e0000 - 0x75927000 	C:\Windows\syswow64\KERNELBASE.dll
0x75840000 - 0x758e0000 	C:\Windows\syswow64\ADVAPI32.dll
0x74c60000 - 0x74d0c000 	C:\Windows\syswow64\msvcrt.dll
0x75af0000 - 0x75b09000 	C:\Windows\SysWOW64\sechost.dll
0x75300000 - 0x753f0000 	C:\Windows\syswow64\RPCRT4.dll
0x74ab0000 - 0x74b10000 	C:\Windows\syswow64\SspiCli.dll
0x74aa0000 - 0x74aac000 	C:\Windows\syswow64\CRYPTBASE.dll
0x75480000 - 0x75580000 	C:\Windows\syswow64\USER32.dll
0x76850000 - 0x768e0000 	C:\Windows\syswow64\GDI32.dll
0x767c0000 - 0x767ca000 	C:\Windows\syswow64\LPK.dll
0x751a0000 - 0x7523d000 	C:\Windows\syswow64\USP10.dll
0x6df60000 - 0x6e0fe000 	C:\Windows\WinSxS\x86_microsoft.windows.common-controls_6595b64144ccf1df_6.0.7601.17514_none_41e6975e2bd6f2b2\COMCTL32.dll
0x76760000 - 0x767b7000 	C:\Windows\syswow64\SHLWAPI.dll
0x76a40000 - 0x76aa0000 	C:\Windows\system32\IMM32.DLL
0x74b10000 - 0x74bdc000 	C:\Windows\syswow64\MSCTF.dll
0x747b0000 - 0x747e5000 	C:\Windows\SysWOW64\nvinit.dll
0x0f000000 - 0x0f006000 	C:\Program Files (x86)\NVIDIA Corporation\CoProcManager\_etoured.dll
0x6e110000 - 0x6e15c000 	C:\Program Files (x86)\NVIDIA Corporation\CoProcManager\nvd3d9wrap.dll
0x756a0000 - 0x7583d000 	C:\Windows\syswow64\SETUPAPI.dll
0x753f0000 - 0x75417000 	C:\Windows\syswow64\CFGMGR32.dll
0x74da0000 - 0x74e2f000 	C:\Windows\syswow64\OLEAUT32.dll
0x75040000 - 0x7519c000 	C:\Windows\syswow64\ole32.dll
0x752e0000 - 0x752f2000 	C:\Windows\syswow64\DEVOBJ.dll
0x729a0000 - 0x729d3000 	C:\Program Files (x86)\NVIDIA Corporation\CoProcManager\nvdxgiwrap.dll
0x64f10000 - 0x64fce000 	C:\Program Files (x86)\Java\jre7\bin\msvcr100.dll
0x60420000 - 0x60762000 	C:\Program Files (x86)\Java\jre7\bin\client\jvm.dll
0x72a30000 - 0x72a37000 	C:\Windows\system32\WSOCK32.dll
0x767d0000 - 0x76805000 	C:\Windows\syswow64\WS2_32.dll
0x75450000 - 0x75456000 	C:\Windows\syswow64\NSI.dll
0x73be0000 - 0x73c12000 	C:\Windows\system32\WINMM.dll
0x75470000 - 0x75475000 	C:\Windows\syswow64\PSAPI.DLL
0x66b50000 - 0x66b5c000 	C:\Program Files (x86)\Java\jre7\bin\verify.dll
0x639c0000 - 0x639e0000 	C:\Program Files (x86)\Java\jre7\bin\java.dll
0x639e0000 - 0x639f3000 	C:\Program Files (x86)\Java\jre7\bin\zip.dll
0x62a00000 - 0x62b44000 	C:\Program Files (x86)\Java\jre7\bin\awt.dll
0x72630000 - 0x726b0000 	C:\Windows\system32\uxtheme.dll
0x725d0000 - 0x725e3000 	C:\Windows\system32\dwmapi.dll
0x75b10000 - 0x7675a000 	C:\Windows\syswow64\SHELL32.dll
0x63b50000 - 0x63b81000 	C:\Program Files (x86)\Java\jre7\bin\fontmanager.dll
0x6e4e0000 - 0x6e6a3000 	C:\Windows\system32\d3d9.dll
0x74850000 - 0x74859000 	C:\Windows\system32\VERSION.dll
0x6e4d0000 - 0x6e4d6000 	C:\Windows\system32\d3d8thk.dll
0x69ea0000 - 0x69f90000 	C:\Windows\system32\nvumdshim.dll
0x10000000 - 0x10092000 	C:\Windows\system32\igdumdx32.dll
0x68bb0000 - 0x69a1f000 	C:\Windows\system32\nvd3dum.dll
0x062e0000 - 0x06861000 	C:\Windows\system32\igdumd32.dll
0x6e740000 - 0x6e765000 	C:\Windows\system32\PowrProf.dll
0x76820000 - 0x7684e000 	C:\Windows\syswow64\WINTRUST.dll
0x75580000 - 0x756a0000 	C:\Windows\syswow64\CRYPT32.dll
0x75420000 - 0x7542c000 	C:\Windows\syswow64\MSASN1.dll
0x08740000 - 0x0884a000 	C:\Program Files (x86)\NVIDIA Corporation\3D Vision\nvSCPAPI.dll
0x5e880000 - 0x5eb02000 	C:\Windows\system32\nvapi.dll
0x04b20000 - 0x04b58000 	C:\Program Files\ThinkPad\Bluetooth Software\SysWOW64\BtMmHook.dll
0x62c70000 - 0x62c84000 	C:\Program Files (x86)\Java\jre7\bin\net.dll
0x72960000 - 0x7299c000 	C:\Windows\system32\mswsock.dll
0x73d30000 - 0x73d36000 	C:\Windows\System32\wship6.dll
0x69f90000 - 0x69f9f000 	C:\Program Files (x86)\Java\jre7\bin\nio.dll
0x63b20000 - 0x63b50000 	C:\Program Files (x86)\Java\jre7\bin\t2k.dll
0x74d10000 - 0x74d93000 	C:\Windows\syswow64\CLBCatQ.DLL
0x63af0000 - 0x63b14000 	C:\Program Files (x86)\Java\jre7\bin\dcpr.dll
0x66a20000 - 0x66b50000 	C:\Windows\system32\WindowsCodecs.dll
0x73e40000 - 0x73e8c000 	C:\Windows\system32\apphelp.dll
0x669a0000 - 0x669d6000 	C:\Users\rgadipudi\AppData\Local\Microsoft\SkyDrive\17.0.2015.0811\SkyDriveShell.dll
0x72fd0000 - 0x73055000 	C:\Users\rgadipudi\AppData\Local\Microsoft\SkyDrive\17.0.2015.0811\MSVCP110.dll
0x6ef70000 - 0x6f042000 	C:\Users\rgadipudi\AppData\Local\Microsoft\SkyDrive\17.0.2015.0811\MSVCR110.dll
0x6e6b0000 - 0x6e737000 	C:\Users\rgadipudi\AppData\Local\Microsoft\SkyDrive\17.0.2015.0811\Telemetry.dll
0x6e7d0000 - 0x6e7da000 	C:\Users\rgadipudi\AppData\Local\Microsoft\SkyDrive\17.0.2015.0811\logging.dll
0x6e770000 - 0x6e7c2000 	C:\Windows\system32\faultrep.dll
0x73ff0000 - 0x74005000 	C:\Windows\system32\Cabinet.dll
0x740a0000 - 0x740f8000 	C:\Windows\system32\WINHTTP.dll
0x74010000 - 0x7405f000 	C:\Windows\system32\webio.dll
0x6e430000 - 0x6e45f000 	C:\Windows\system32\XmlLite.dll
0x75930000 - 0x75ae8000 	C:\Windows\syswow64\WININET.dll
0x75240000 - 0x75244000 	C:\Windows\syswow64\api-ms-win-downlevel-user32-l1-1-0.dll
0x76810000 - 0x76815000 	C:\Windows\syswow64\api-ms-win-downlevel-advapi32-l1-1-0.dll
0x75460000 - 0x75464000 	C:\Windows\syswow64\api-ms-win-downlevel-shlwapi-l1-1-0.dll
0x75440000 - 0x75444000 	C:\Windows\syswow64\api-ms-win-downlevel-version-l1-1-0.dll
0x77030000 - 0x77033000 	C:\Windows\syswow64\api-ms-win-downlevel-normaliz-l1-1-0.dll
0x75030000 - 0x75033000 	C:\Windows\syswow64\normaliz.DLL
0x74e30000 - 0x75028000 	C:\Windows\syswow64\iertutil.dll
0x62c20000 - 0x62c51000 	C:\Windows\system32\EhStorShell.dll
0x73c20000 - 0x73d15000 	C:\Windows\system32\PROPSYS.dll
0x62400000 - 0x62806000 	C:\PROGRA~2\MICROS~3\Office14\GROOVEEX.DLL
0x72ad0000 - 0x72b73000 	C:\Windows\WinSxS\x86_microsoft.vc90.crt_1fc8b3b9a1e18e3b_9.0.30729.6161_none_50934f2ebcb7eb57\MSVCR90.dll
0x72a40000 - 0x72ace000 	C:\Windows\WinSxS\x86_microsoft.vc90.crt_1fc8b3b9a1e18e3b_9.0.30729.6161_none_50934f2ebcb7eb57\MSVCP90.dll
0x66ef0000 - 0x66f1b000 	C:\Windows\WinSxS\x86_microsoft.vc90.atl_1fc8b3b9a1e18e3b_9.0.30729.6161_none_51cd0a7abbe4e19b\ATL90.DLL
0x61fe0000 - 0x623fa000 	C:\PROGRA~2\COMMON~1\MICROS~1\OFFICE14\Cultures\office.odf
0x61770000 - 0x61fd5000 	C:\PROGRA~2\MICROS~3\Office14\1033\GrooveIntlResource.dll
0x67f90000 - 0x68000000 	C:\Windows\system32\ntshrui.dll
0x74910000 - 0x74929000 	C:\Windows\system32\srvcli.dll
0x73e30000 - 0x73e3b000 	C:\Windows\system32\cscapi.dll
0x6db10000 - 0x6db1a000 	C:\Windows\system32\slc.dll
0x0be10000 - 0x0be22000 	C:\Program Files (x86)\Java\jre7\bin\rxtxSerial.dll
0x6c240000 - 0x6c267000 	C:\Windows\system32\crtdll.dll
0x72c20000 - 0x72d0b000 	C:\Windows\system32\dbghelp.dll

VM Arguments:
jvm_args: -Dfile.encoding=Cp1252 
java_command: com.bentley.dt.MainPage
Launcher Type: SUN_STANDARD

Environment Variables:
PATH=C:/Program Files (x86)/Java/jre7/bin/client;C:/Program Files (x86)/Java/jre7/bin;C:/Program Files (x86)/Java/jre7/lib/i386;C:\Program Files (x86)\PC Connectivity Solution\;C:\Python33\;C:\Program Files (x86)\ActiveState Komodo Edit 8\;C:\Program Files\Common Files\Microsoft Shared\Windows Live;C:\Program Files (x86)\Common Files\Microsoft Shared\Windows Live;C:\Windows\system32;C:\Windows;C:\Windows\System32\Wbem;C:\Windows\System32\WindowsPowerShell\v1.0\;C:\Program Files\Intel\WiFi\bin\;C:\Program Files\Common Files\Intel\WirelessCommon\;C:\Program Files\ThinkPad\Bluetooth Software\;C:\Program Files\ThinkPad\Bluetooth Software\syswow64;C:\Program Files\Broadcom\WHL\;C:\Program Files\Broadcom\WHL\syswow64;C:\Program Files\Broadcom\WHL\SysWow64\;C:\Program Files\Broadcom\WHL\SysWow64\syswow64;C:\Program Files (x86)\Intel\Services\IPT\;C:\Program Files (x86)\Common Files\Ulead Systems\MPEG;C:\Program Files\Common Files\Lenovo;C:\Program Files (x86)\Windows Live\Shared;C:\SWTOOLS\ReadyApps;C:\Program Files (x86)\Symantec\VIP Access Client\;C:\Program Files (x86)\Common Files\Lenovo;C:\HashiCorp\Vagrant\bin;C:\Program Files\Oracle\VirtualBox;C:\Python27;C:\Users\rgadipudi\Desktop\eclipse\eclipse-win32\eclipse;
USERNAME=rgadipudi
OS=Windows_NT
PROCESSOR_IDENTIFIER=Intel64 Family 6 Model 42 Stepping 7, GenuineIntel



---------------  S Y S T E M  ---------------

OS: Windows 7 , 64 bit Build 7601 Service Pack 1

CPU:total 8 (4 cores per cpu, 2 threads per core) family 6 model 42 stepping 7, cmov, cx8, fxsr, mmx, sse, sse2, sse3, ssse3, sse4.1, sse4.2, popcnt, avx, ht, tsc, tscinvbit

Memory: 4k page, physical 4074736k(1232468k free), swap 8147612k(4864432k free)

vm_info: Java HotSpot(TM) Client VM (23.25-b01) for windows-x86 JRE (1.7.0_25-b17), built on Jun 21 2013 13:06:48 by "java_re" with unknown MS VC++:1600

time: Tue Aug 27 15:51:36 2013
elapsed time: 8 seconds

